<?xml version="1.0" encoding="UTF-8"?>
<!-- Generated by org.testng.reporters.JUnitReportReporter -->
<testsuite hostname="Pranil" name="framework.Testng.Groups.TestSuite2" tests="3" failures="0" timestamp="22 Jun 2021 06:40:23 GMT" time="0.022" errors="0">
  <testcase name="tc006" time="0.016" classname="framework.Testng.Groups.TestSuite2"/>
  <testcase name="tc005" time="0.002" classname="framework.Testng.Groups.TestSuite2"/>
  <testcase name="tc004" time="0.004" classname="framework.Testng.Groups.TestSuite2"/>
</testsuite> <!-- framework.Testng.Groups.TestSuite2 -->
