<?xml version="1.0" encoding="UTF-8"?>
<!-- Generated by org.testng.reporters.JUnitReportReporter -->
<testsuite hostname="Pranil" name="framework.Testng.BeforeTest_and_AfterTest.TestSuite1" tests="6" failures="0" timestamp="22 Jun 2021 06:40:38 GMT" time="0.011" errors="0">
  <testcase name="tc001" time="0.005" classname="framework.Testng.BeforeTest_and_AfterTest.TestSuite1"/>
  <testcase name="tc002" time="0.001" classname="framework.Testng.BeforeTest_and_AfterTest.TestSuite1"/>
  <testcase name="tc001" time="0.002" classname="framework.Testng.BeforeTest_and_AfterTest.TestSuite1"/>
  <testcase name="tc003" time="0.001" classname="framework.Testng.BeforeTest_and_AfterTest.TestSuite1"/>
  <testcase name="tc002" time="0.001" classname="framework.Testng.BeforeTest_and_AfterTest.TestSuite1"/>
  <testcase name="tc003" time="0.001" classname="framework.Testng.BeforeTest_and_AfterTest.TestSuite1"/>
</testsuite> <!-- framework.Testng.BeforeTest_and_AfterTest.TestSuite1 -->
