<?xml version="1.0" encoding="UTF-8"?>
<!-- Generated by org.testng.reporters.JUnitReportReporter -->
<testsuite hostname="Pranil" name="framework.Testng.With_Parameter.ClassA" tests="3" failures="0" timestamp="22 Jun 2021 07:02:51 GMT" time="0.023" errors="0">
  <testcase name="tc003" time="0.001" classname="framework.Testng.With_Parameter.ClassA"/>
  <testcase name="tc002" time="0.003" classname="framework.Testng.With_Parameter.ClassA"/>
  <testcase name="tc001" time="0.019" classname="framework.Testng.With_Parameter.ClassA"/>
</testsuite> <!-- framework.Testng.With_Parameter.ClassA -->
