<?xml version="1.0" encoding="UTF-8"?>
<!-- Generated by org.testng.reporters.JUnitReportReporter -->
<testsuite hostname="Pranil" name="framework.Testng.BeforeTest_and_AfterTest.TestSuite2" tests="6" failures="0" timestamp="22 Jun 2021 06:40:38 GMT" time="0.037" errors="0">
  <testcase name="tc004" time="0.003" classname="framework.Testng.BeforeTest_and_AfterTest.TestSuite2"/>
  <testcase name="tc005" time="0.003" classname="framework.Testng.BeforeTest_and_AfterTest.TestSuite2"/>
  <testcase name="tc006" time="0.012" classname="framework.Testng.BeforeTest_and_AfterTest.TestSuite2"/>
  <testcase name="tc004" time="0.010" classname="framework.Testng.BeforeTest_and_AfterTest.TestSuite2"/>
  <testcase name="tc006" time="0.006" classname="framework.Testng.BeforeTest_and_AfterTest.TestSuite2"/>
  <testcase name="tc005" time="0.003" classname="framework.Testng.BeforeTest_and_AfterTest.TestSuite2"/>
</testsuite> <!-- framework.Testng.BeforeTest_and_AfterTest.TestSuite2 -->
