<?xml version="1.0" encoding="UTF-8"?>
<!-- Generated by org.testng.reporters.JUnitReportReporter -->
<testsuite hostname="Pranil" name="framework.Testng.DataProvider.Get_Data_Provide_From_Different_Class" tests="4" failures="0" timestamp="23 Jun 2021 06:28:06 GMT" time="0.019" errors="0">
  <testcase name="Tc003" time="0.002" classname="framework.Testng.DataProvider.Get_Data_Provide_From_Different_Class"/>
  <testcase name="Tc003" time="0.003" classname="framework.Testng.DataProvider.Get_Data_Provide_From_Different_Class"/>
  <testcase name="Tc003" time="0.001" classname="framework.Testng.DataProvider.Get_Data_Provide_From_Different_Class"/>
  <testcase name="Tc003" time="0.013" classname="framework.Testng.DataProvider.Get_Data_Provide_From_Different_Class"/>
</testsuite> <!-- framework.Testng.DataProvider.Get_Data_Provide_From_Different_Class -->
