<?xml version="1.0" encoding="UTF-8"?>
<!-- Generated by org.testng.reporters.JUnitReportReporter -->
<testsuite hostname="Pranil" name="framework.Testng.Method_priority" tests="3" failures="0" timestamp="21 Jun 2021 06:00:23 GMT" time="0.014" errors="0">
  <testcase name="x" time="0.001" classname="framework.Testng.Method_priority"/>
  <testcase name="f" time="0.002" classname="framework.Testng.Method_priority"/>
  <testcase name="a" time="0.011" classname="framework.Testng.Method_priority"/>
</testsuite> <!-- framework.Testng.Method_priority -->
