<?xml version="1.0" encoding="UTF-8"?>
<!-- Generated by org.testng.reporters.JUnitReportReporter -->
<testsuite hostname="Pranil" name="framework.Testng.Testng_WebDriver_Test" tests="1" failures="0" timestamp="18 Jun 2021 06:45:18 GMT" time="4.175" errors="0">
  <testcase name="Verify_Login_Page" time="4.175" classname="framework.Testng.Testng_WebDriver_Test"/>
</testsuite> <!-- framework.Testng.Testng_WebDriver_Test -->
