<?xml version="1.0" encoding="UTF-8"?>
<!-- Generated by org.testng.reporters.JUnitReportReporter -->
<testsuite hostname="Pranil" name="framework.Testng.Ignore_Method" tests="2" failures="0" timestamp="21 Jun 2021 06:05:15 GMT" time="0.021" errors="0">
  <testcase name="launch" time="0.019" classname="framework.Testng.Ignore_Method"/>
  <testcase name="load_page" time="0.002" classname="framework.Testng.Ignore_Method"/>
</testsuite> <!-- framework.Testng.Ignore_Method -->
