<?xml version="1.0" encoding="UTF-8"?>
<!-- Generated by org.testng.reporters.JUnitReportReporter -->
<testsuite hostname="Pranil" name="framework.Testng.DataProvider.InputData" tests="7" failures="0" timestamp="23 Jun 2021 06:19:48 GMT" time="0.032" errors="0">
  <testcase name="Tc001" time="0.002" classname="framework.Testng.DataProvider.InputData"/>
  <testcase name="Tc002" time="0.001" classname="framework.Testng.DataProvider.InputData"/>
  <testcase name="Tc001" time="0.016" classname="framework.Testng.DataProvider.InputData"/>
  <testcase name="Tc002" time="0.001" classname="framework.Testng.DataProvider.InputData"/>
  <testcase name="Tc002" time="0.001" classname="framework.Testng.DataProvider.InputData"/>
  <testcase name="Tc002" time="0.004" classname="framework.Testng.DataProvider.InputData"/>
  <testcase name="Tc001" time="0.007" classname="framework.Testng.DataProvider.InputData"/>
</testsuite> <!-- framework.Testng.DataProvider.InputData -->
