<?xml version="1.0" encoding="UTF-8"?>
<!-- Generated by org.testng.reporters.JUnitReportReporter -->
<testsuite hostname="Pranil" name="framework.Testng.Testng_Annotations" tests="3" failures="0" timestamp="18 Jun 2021 06:34:09 GMT" time="0.014" errors="0">
  <testcase name="tc003" time="0.002" classname="framework.Testng.Testng_Annotations"/>
  <testcase name="tc002" time="0.005" classname="framework.Testng.Testng_Annotations"/>
  <testcase name="tc001" time="0.007" classname="framework.Testng.Testng_Annotations"/>
</testsuite> <!-- framework.Testng.Testng_Annotations -->
