<?xml version="1.0" encoding="UTF-8"?>
<!-- Generated by org.testng.reporters.JUnitReportReporter -->
<testsuite hostname="Pranil" name="framework.Testng.Groups.TestSuite1" tests="3" failures="0" timestamp="22 Jun 2021 06:40:23 GMT" time="0.036" errors="0">
  <testcase name="tc003" time="0.004" classname="framework.Testng.Groups.TestSuite1"/>
  <testcase name="tc002" time="0.002" classname="framework.Testng.Groups.TestSuite1"/>
  <testcase name="tc001" time="0.030" classname="framework.Testng.Groups.TestSuite1"/>
</testsuite> <!-- framework.Testng.Groups.TestSuite1 -->
