<?xml version="1.0" encoding="UTF-8"?>
<!-- Generated by org.testng.reporters.JUnitReportReporter -->
<testsuite hostname="Pranil" name="framework.Testng.My_TestngTest" tests="3" failures="0" timestamp="18 Jun 2021 06:22:13 GMT" time="0.025" errors="0">
  <testcase name="tc003" time="0.002" classname="framework.Testng.My_TestngTest"/>
  <testcase name="tc002" time="0.003" classname="framework.Testng.My_TestngTest"/>
  <testcase name="tc001" time="0.020" classname="framework.Testng.My_TestngTest"/>
</testsuite> <!-- framework.Testng.My_TestngTest -->
