<?xml version="1.0" encoding="UTF-8"?>
<!-- Generated by org.testng.reporters.JUnitReportReporter -->
<testsuite hostname="Pranil" name="framework.Testng.BeforeMethod_And_AfterMethod" tests="2" failures="0" timestamp="18 Jun 2021 06:29:09 GMT" time="0.016" errors="0">
  <testcase name="tc001" time="0.013" classname="framework.Testng.BeforeMethod_And_AfterMethod"/>
  <testcase name="tc002" time="0.003" classname="framework.Testng.BeforeMethod_And_AfterMethod"/>
</testsuite> <!-- framework.Testng.BeforeMethod_And_AfterMethod -->
