<?xml version="1.0" encoding="UTF-8"?>
<!-- Generated by org.testng.reporters.JUnitReportReporter -->
<testsuite hostname="Pranil" name="framework.Testng.TestSuite.Class3" tests="3" failures="0" timestamp="21 Jun 2021 07:10:12 GMT" time="0.004" errors="0">
  <testcase name="tc009" time="0.001" classname="framework.Testng.TestSuite.Class3"/>
  <testcase name="tc007" time="0.001" classname="framework.Testng.TestSuite.Class3"/>
  <testcase name="tc008" time="0.002" classname="framework.Testng.TestSuite.Class3"/>
</testsuite> <!-- framework.Testng.TestSuite.Class3 -->
