<?xml version="1.0" encoding="UTF-8"?>
<!-- Generated by org.testng.reporters.JUnitReportReporter -->
<testsuite hostname="Pranil" name="framework.Testng.TestSuite.Class1" tests="2" failures="0" timestamp="21 Jun 2021 07:12:48 GMT" time="0.019" errors="0">
  <testcase name="tc003" time="0.004" classname="framework.Testng.TestSuite.Class1"/>
  <testcase name="tc001" time="0.015" classname="framework.Testng.TestSuite.Class1"/>
</testsuite> <!-- framework.Testng.TestSuite.Class1 -->
