<?xml version="1.0" encoding="UTF-8"?>
<!-- Generated by org.testng.reporters.JUnitReportReporter -->
<testsuite hostname="Pranil" name="framework.Testng.BeforeClass_And_AfterClass" tests="2" failures="0" timestamp="18 Jun 2021 06:26:46 GMT" time="0.012" errors="0">
  <testcase name="tc001" time="0.005" classname="framework.Testng.BeforeClass_And_AfterClass"/>
  <testcase name="tc002" time="0.007" classname="framework.Testng.BeforeClass_And_AfterClass"/>
</testsuite> <!-- framework.Testng.BeforeClass_And_AfterClass -->
