<?xml version="1.0" encoding="UTF-8"?>
<!-- Generated by org.testng.reporters.JUnitReportReporter -->
<testsuite hostname="Pranil" name="framework.Testng.Method_Description" tests="2" failures="0" timestamp="21 Jun 2021 06:13:20 GMT" time="0.021" errors="0">
  <testcase name="tc001" time="0.018" classname="framework.Testng.Method_Description"/>
  <testcase name="tc002" time="0.003" classname="framework.Testng.Method_Description"/>
</testsuite> <!-- framework.Testng.Method_Description -->
