<?xml version="1.0" encoding="UTF-8"?>
<!-- Generated by org.testng.reporters.JUnitReportReporter -->
<testsuite hostname="Pranil" name="framework.Testng.BeforeTest_and_AfterTest.Test_for_Chrome" tests="1" failures="0" timestamp="22 Jun 2021 06:40:38 GMT" time="0.003" errors="0">
  <testcase name="tc_chrome" time="0.003" classname="framework.Testng.BeforeTest_and_AfterTest.Test_for_Chrome"/>
</testsuite> <!-- framework.Testng.BeforeTest_and_AfterTest.Test_for_Chrome -->
