<?xml version="1.0" encoding="UTF-8"?>
<!-- Generated by org.testng.reporters.JUnitReportReporter -->
<testsuite hostname="Pranil" name="framework.Testng.Invacation_count" tests="17" failures="0" timestamp="21 Jun 2021 06:51:25 GMT" time="3.041" errors="0">
  <testcase name="Tc001" time="0.007" classname="framework.Testng.Invacation_count"/>
  <testcase name="select_month" time="0.304" classname="framework.Testng.Invacation_count"/>
  <testcase name="Tc001" time="0.002" classname="framework.Testng.Invacation_count"/>
  <testcase name="select_month" time="0.317" classname="framework.Testng.Invacation_count"/>
  <testcase name="Tc001" time="0.002" classname="framework.Testng.Invacation_count"/>
  <testcase name="select_month" time="0.243" classname="framework.Testng.Invacation_count"/>
  <testcase name="select_month" time="0.423" classname="framework.Testng.Invacation_count"/>
  <testcase name="Tc001" time="0.003" classname="framework.Testng.Invacation_count"/>
  <testcase name="select_month" time="0.198" classname="framework.Testng.Invacation_count"/>
  <testcase name="select_month" time="0.235" classname="framework.Testng.Invacation_count"/>
  <testcase name="select_month" time="0.198" classname="framework.Testng.Invacation_count"/>
  <testcase name="select_month" time="0.214" classname="framework.Testng.Invacation_count"/>
  <testcase name="Tc001" time="0.003" classname="framework.Testng.Invacation_count"/>
  <testcase name="select_month" time="0.146" classname="framework.Testng.Invacation_count"/>
  <testcase name="select_month" time="0.288" classname="framework.Testng.Invacation_count"/>
  <testcase name="select_month" time="0.261" classname="framework.Testng.Invacation_count"/>
  <testcase name="select_month" time="0.197" classname="framework.Testng.Invacation_count"/>
</testsuite> <!-- framework.Testng.Invacation_count -->
