<?xml version="1.0" encoding="UTF-8"?>
<!-- Generated by org.testng.reporters.JUnitReportReporter -->
<testsuite hostname="Pranil" name="resuable.resuable.run_Excel_keywords.Read_Multiple_Data_From_Excel" tests="1" failures="0" timestamp="30 Jun 2021 07:30:54 GMT" time="0.016" errors="0">
  <testcase name="f" time="0.016" classname="resuable.resuable.run_Excel_keywords.Read_Multiple_Data_From_Excel"/>
</testsuite> <!-- resuable.resuable.run_Excel_keywords.Read_Multiple_Data_From_Excel -->
