<?xml version="1.0" encoding="UTF-8"?>
<!-- Generated by org.testng.reporters.JUnitReportReporter -->
<testsuite hostname="Pranil" name="framework.Testng.Testng_Method_Dependencies" tests="6" failures="0" timestamp="21 Jun 2021 06:38:43 GMT" time="0.016" errors="0">
  <testcase name="Forward_Email_from_Sent_Mails" time="0.001" classname="framework.Testng.Testng_Method_Dependencies"/>
  <testcase name="Browser_launch" time="0.006" classname="framework.Testng.Testng_Method_Dependencies"/>
  <testcase name="User_login" time="0.001" classname="framework.Testng.Testng_Method_Dependencies"/>
  <testcase name="ComposeEmail" time="0.001" classname="framework.Testng.Testng_Method_Dependencies"/>
  <testcase name="Verify_Email_At_Sentemails_After_Compose_Email" time="0.002" classname="framework.Testng.Testng_Method_Dependencies"/>
  <testcase name="App_Load" time="0.005" classname="framework.Testng.Testng_Method_Dependencies"/>
</testsuite> <!-- framework.Testng.Testng_Method_Dependencies -->
