<?xml version="1.0" encoding="UTF-8"?>
<!-- Generated by org.testng.reporters.JUnitReportReporter -->
<testsuite hostname="Pranil" name="framework.Testng.TestSuite.Class2" tests="2" failures="0" timestamp="21 Jun 2021 07:12:48 GMT" time="0.005" errors="0">
  <testcase name="tc006" time="0.002" classname="framework.Testng.TestSuite.Class2"/>
  <testcase name="tc004" time="0.003" classname="framework.Testng.TestSuite.Class2"/>
</testsuite> <!-- framework.Testng.TestSuite.Class2 -->
